0 info it worked if it ends with ok
1 verbose cli [ 'node', '/usr/local/bin/npm', 'install', '-g', 'ios-deploy' ]
2 info using npm@2.7.4
3 info using node@v0.12.2
4 silly cache add args [ 'ios-deploy', null ]
5 verbose cache add spec ios-deploy
6 silly cache add parsed spec { raw: 'ios-deploy',
6 silly cache add   scope: null,
6 silly cache add   name: 'ios-deploy',
6 silly cache add   rawSpec: '',
6 silly cache add   spec: '*',
6 silly cache add   type: 'range' }
7 verbose addNamed ios-deploy@*
8 silly addNamed semver.valid null
9 silly addNamed semver.validRange *
10 silly addNameRange { name: 'ios-deploy', range: '*', hasData: false }
11 silly mapToRegistry name ios-deploy
12 silly mapToRegistry using default registry
13 silly mapToRegistry registry https://registry.npmjs.org/
14 silly mapToRegistry uri https://registry.npmjs.org/ios-deploy
15 verbose addNameRange registry:https://registry.npmjs.org/ios-deploy not in flight; fetching
16 verbose request uri https://registry.npmjs.org/ios-deploy
17 verbose request no auth needed
18 info attempt registry request try #1 at 10:40:08 PM
19 verbose request id 226647f51e317294
20 http request GET https://registry.npmjs.org/ios-deploy
21 http 200 https://registry.npmjs.org/ios-deploy
22 silly get cb [ 200,
22 silly get   { server: 'CouchDB/1.5.0 (Erlang OTP/R16B03)',
22 silly get     etag: '"BYAY2ZRYPBENUKZ34DYCXQ8Q0"',
22 silly get     'content-type': 'application/json',
22 silly get     'cache-control': 'max-age=60',
22 silly get     'content-length': '26973',
22 silly get     'accept-ranges': 'bytes',
22 silly get     date: 'Thu, 30 Jul 2015 21:40:08 GMT',
22 silly get     via: '1.1 varnish',
22 silly get     age: '0',
22 silly get     connection: 'keep-alive',
22 silly get     'x-served-by': 'cache-lhr6322-LHR',
22 silly get     'x-cache': 'HIT',
22 silly get     'x-cache-hits': '1',
22 silly get     'x-timer': 'S1438292408.508768,VS0,VE163',
22 silly get     vary: 'Accept' } ]
23 verbose get saving ios-deploy to /Users/benstein/.npm/registry.npmjs.org/ios-deploy/.cache.json
24 silly addNameRange number 2 { name: 'ios-deploy', range: '*', hasData: true }
25 silly addNameRange versions [ 'ios-deploy',
25 silly addNameRange   [ '1.0.1',
25 silly addNameRange     '1.0.2',
25 silly addNameRange     '1.0.3',
25 silly addNameRange     '1.0.4',
25 silly addNameRange     '1.0.5',
25 silly addNameRange     '1.0.6',
25 silly addNameRange     '1.0.7',
25 silly addNameRange     '1.0.8',
25 silly addNameRange     '1.0.9',
25 silly addNameRange     '1.1.0',
25 silly addNameRange     '1.2.0',
25 silly addNameRange     '1.3.0',
25 silly addNameRange     '1.3.1',
25 silly addNameRange     '1.3.2',
25 silly addNameRange     '1.4.0',
25 silly addNameRange     '1.5.0',
25 silly addNameRange     '1.6.0',
25 silly addNameRange     '1.6.1',
25 silly addNameRange     '1.6.2',
25 silly addNameRange     '1.6.3',
25 silly addNameRange     '1.7.0' ] ]
26 verbose addNamed ios-deploy@1.7.0
27 silly addNamed semver.valid 1.7.0
28 silly addNamed semver.validRange 1.7.0
29 silly mapToRegistry name ios-deploy
30 silly mapToRegistry using default registry
31 silly mapToRegistry registry https://registry.npmjs.org/
32 silly mapToRegistry uri https://registry.npmjs.org/ios-deploy
33 verbose addRemoteTarball https://registry.npmjs.org/ios-deploy/-/ios-deploy-1.7.0.tgz not in flight; adding
34 verbose addRemoteTarball [ 'https://registry.npmjs.org/ios-deploy/-/ios-deploy-1.7.0.tgz',
34 verbose addRemoteTarball   '8dfbce5c23ea74e77cb12870b2e72a3af8e1db91' ]
35 info retry fetch attempt 1 at 10:40:08 PM
36 info attempt registry request try #1 at 10:40:08 PM
37 http fetch GET https://registry.npmjs.org/ios-deploy/-/ios-deploy-1.7.0.tgz
38 http fetch 200 https://registry.npmjs.org/ios-deploy/-/ios-deploy-1.7.0.tgz
39 silly fetchAndShaCheck shasum 8dfbce5c23ea74e77cb12870b2e72a3af8e1db91
40 verbose addTmpTarball /var/folders/z2/3855816d4y1f1tyw5jxk07ch0000gn/T/npm-10969-45a3801c/registry.npmjs.org/ios-deploy/-/ios-deploy-1.7.0.tgz not in flight; adding
41 verbose addTmpTarball already have metadata; skipping unpack for ios-deploy@1.7.0
42 silly cache afterAdd ios-deploy@1.7.0
43 verbose afterAdd /Users/benstein/.npm/ios-deploy/1.7.0/package/package.json not in flight; writing
44 verbose afterAdd /Users/benstein/.npm/ios-deploy/1.7.0/package/package.json written
45 silly install resolved [ { name: 'ios-deploy',
45 silly install resolved     version: '1.7.0',
45 silly install resolved     os: [ 'darwin' ],
45 silly install resolved     description: 'launch iOS apps iOS devices from the command line (Xcode 6)',
45 silly install resolved     main: 'ios-deploy',
45 silly install resolved     scripts: { preinstall: 'make ios-deploy' },
45 silly install resolved     bin: { 'ios-deploy': './ios-deploy' },
45 silly install resolved     repository:
45 silly install resolved      { type: 'git',
45 silly install resolved        url: 'git+https://github.com/phonegap/ios-deploy.git' },
45 silly install resolved     keywords: [ 'ios-deploy', 'deploy to iOS device' ],
45 silly install resolved     author: { name: 'Greg Hughes' },
45 silly install resolved     license: 'GPLv3',
45 silly install resolved     gitHead: '6d61b7ca7c0ff16caea4e87a91ee7535db888621',
45 silly install resolved     bugs: { url: 'https://github.com/phonegap/ios-deploy/issues' },
45 silly install resolved     homepage: 'https://github.com/phonegap/ios-deploy#readme',
45 silly install resolved     _id: 'ios-deploy@1.7.0',
45 silly install resolved     _shasum: '8dfbce5c23ea74e77cb12870b2e72a3af8e1db91',
45 silly install resolved     _from: 'ios-deploy@*',
45 silly install resolved     _npmVersion: '2.9.1',
45 silly install resolved     _nodeVersion: '0.10.30',
45 silly install resolved     _npmUser: { name: 'shazron', email: 'shazron@gmail.com' },
45 silly install resolved     maintainers: [ [Object], [Object], [Object] ],
45 silly install resolved     dist:
45 silly install resolved      { shasum: '8dfbce5c23ea74e77cb12870b2e72a3af8e1db91',
45 silly install resolved        tarball: 'http://registry.npmjs.org/ios-deploy/-/ios-deploy-1.7.0.tgz' },
45 silly install resolved     directories: {},
45 silly install resolved     _resolved: 'https://registry.npmjs.org/ios-deploy/-/ios-deploy-1.7.0.tgz' } ]
46 info install ios-deploy@1.7.0 into /usr/local/lib
47 info installOne ios-deploy@1.7.0
48 verbose installOne of ios-deploy to /usr/local/lib not in flight; installing
49 verbose lock using /Users/benstein/.npm/_locks/ios-deploy-198957223cd98201.lock for /usr/local/lib/node_modules/ios-deploy
50 silly install write writing ios-deploy 1.7.0 to /usr/local/lib/node_modules/ios-deploy
51 silly cache addNamed cb ios-deploy@1.7.0
52 verbose unbuild lib/node_modules/ios-deploy
53 silly gentlyRm /usr/local/lib/node_modules/ios-deploy is being purged from base /usr/local
54 verbose gentlyRm don't care about contents; nuking /usr/local/lib/node_modules/ios-deploy
55 verbose tar unpack /Users/benstein/.npm/ios-deploy/1.7.0/package.tgz
56 verbose tar unpacking to /usr/local/lib/node_modules/ios-deploy
57 silly gentlyRm /usr/local/lib/node_modules/ios-deploy is being purged
58 verbose gentlyRm don't care about contents; nuking /usr/local/lib/node_modules/ios-deploy
59 silly gunzTarPerm modes [ '755', '644' ]
60 silly gunzTarPerm extractEntry package.json
61 silly gunzTarPerm extractEntry .npmignore
62 silly gunzTarPerm extractEntry README.md
63 silly gunzTarPerm extractEntry LICENSE
64 silly gunzTarPerm extractEntry ResourceRules.plist
65 silly gunzTarPerm extractEntry Makefile
66 silly gunzTarPerm extractEntry MobileDevice.h
67 silly gunzTarPerm extractEntry CONTRIBUTING.md
68 silly gunzTarPerm extractEntry Info.plist
69 silly gunzTarPerm extractEntry demo.c
70 silly gunzTarPerm extractEntry errors.h
71 silly gunzTarPerm extractEntry ios-deploy.c
72 silly gunzTarPerm extractEntry Entitlements.plist
73 silly gunzTarPerm extractEntry resources/buildbox/build.sh
74 info preinstall ios-deploy@1.7.0
75 verbose unsafe-perm in lifecycle true
76 info ios-deploy@1.7.0 Failed to exec preinstall script
77 verbose unlock done using /Users/benstein/.npm/_locks/ios-deploy-198957223cd98201.lock for /usr/local/lib/node_modules/ios-deploy
78 verbose stack Error: ios-deploy@1.7.0 preinstall: `make ios-deploy`
78 verbose stack Exit status 69
78 verbose stack     at EventEmitter.<anonymous> (/usr/local/lib/node_modules/npm/lib/utils/lifecycle.js:213:16)
78 verbose stack     at EventEmitter.emit (events.js:110:17)
78 verbose stack     at ChildProcess.<anonymous> (/usr/local/lib/node_modules/npm/lib/utils/spawn.js:14:12)
78 verbose stack     at ChildProcess.emit (events.js:110:17)
78 verbose stack     at maybeClose (child_process.js:1015:16)
78 verbose stack     at Process.ChildProcess._handle.onexit (child_process.js:1087:5)
79 verbose pkgid ios-deploy@1.7.0
80 verbose cwd /Users/benstein/Documents/my-reddit/my-reddit
81 error Darwin 14.3.0
82 error argv "node" "/usr/local/bin/npm" "install" "-g" "ios-deploy"
83 error node v0.12.2
84 error npm  v2.7.4
85 error code ELIFECYCLE
86 error ios-deploy@1.7.0 preinstall: `make ios-deploy`
86 error Exit status 69
87 error Failed at the ios-deploy@1.7.0 preinstall script 'make ios-deploy'.
87 error This is most likely a problem with the ios-deploy package,
87 error not with npm itself.
87 error Tell the author that this fails on your system:
87 error     make ios-deploy
87 error You can get their info via:
87 error     npm owner ls ios-deploy
87 error There is likely additional logging output above.
88 verbose exit [ 1, true ]
89 verbose unbuild lib/node_modules/ios-deploy
90 info preuninstall ios-deploy@1.7.0
91 info uninstall ios-deploy@1.7.0
92 verbose unbuild rmStuff ios-deploy@1.7.0 from /usr/local/lib/node_modules
93 silly gentlyRm /usr/local/bin/ios-deploy is being gently removed
94 silly gentlyRm verifying /usr/local is an npm working directory
95 silly gentlyRm containing path /usr/local is under npm's control, in /usr/local
96 silly gentlyRm deletion target /usr/local/bin/ios-deploy is under /usr/local
97 verbose gentlyRm vacuuming from /usr/local/bin/ios-deploy up to /usr/local
98 info postuninstall ios-deploy@1.7.0
99 silly gentlyRm /usr/local/lib/node_modules/ios-deploy is being purged from base /usr/local
100 verbose gentlyRm don't care about contents; nuking /usr/local/lib/node_modules/ios-deploy
101 silly vacuum-fs purging /usr/local/lib/node_modules/ios-deploy
102 silly vacuum-fs quitting because other entries in /usr/local/lib/node_modules
